1459225725801.691895 1.000000 send arp reply
1459225725812.946045 2.000000 send arp reply
1459225725813.058105 3.000000 send arp reply
1459225725813.141113 4.000000 send arp reply
1459225725813.237061 5.000000 send arp reply
1459225725813.322998 6.000000 send arp reply
1459225725813.398926 7.000000 send arp reply
1459225725813.477051 8.000000 send arp reply
1459225725813.552002 9.000000 send arp reply
1459225725813.626953 10.000000 send arp reply
1459225725826.418945 1.000000 receive flow mod
1459225725826.531006 11.000000 send arp reply
1459225725826.608887 12.000000 send arp reply
1459225725826.685059 13.000000 send arp reply
1459225725826.760986 14.000000 send arp reply
1459225725826.836914 15.000000 send arp reply
1459225725826.912109 16.000000 send arp reply
1459225725826.987061 17.000000 send arp reply
1459225725827.062012 18.000000 send arp reply
1459225725831.736084 19.000000 send arp reply
1459225725831.843018 20.000000 send arp reply
1459225725844.419922 2.000000 receive flow mod
1459225725844.458008 3.000000 receive flow mod
1459225725844.464111 4.000000 receive flow mod
1459225725844.469971 5.000000 receive flow mod
1459225725844.475098 6.000000 receive flow mod
1459225725847.388916 7.000000 receive flow mod
1459225725847.407959 8.000000 receive flow mod
1459225725847.413086 9.000000 receive flow mod
1459225725847.418945 10.000000 receive flow mod
1459225725847.468018 21.000000 send arp reply
1459225725847.513916 22.000000 send arp reply
1459225725847.574951 23.000000 send arp reply
1459225725847.629883 24.000000 send arp reply
1459225725847.684082 25.000000 send arp reply
1459225725847.737061 26.000000 send arp reply
1459225725847.791992 27.000000 send arp reply
1459225725847.845947 28.000000 send arp reply
1459225725847.902100 29.000000 send arp reply
1459225725847.956055 30.000000 send arp reply
1459225725847.967041 11.000000 receive flow mod
1459225725847.972900 12.000000 receive flow mod
1459225725847.978027 13.000000 receive flow mod
1459225725848.325928 14.000000 receive flow mod
1459225725848.335938 15.000000 receive flow mod
1459225725848.342041 16.000000 receive flow mod
1459225725848.347900 17.000000 receive flow mod
1459225725851.358887 18.000000 receive flow mod
1459225725851.373047 19.000000 receive flow mod
1459225725851.378906 20.000000 receive flow mod
1459225725860.711914 21.000000 receive flow mod
1459225725860.829102 22.000000 receive flow mod
1459225725860.847900 23.000000 receive flow mod
1459225725860.895996 24.000000 receive flow mod
1459225725860.919922 25.000000 receive flow mod
1459225725864.444092 26.000000 receive flow mod
1459225725864.474121 27.000000 receive flow mod
1459225725864.479980 28.000000 receive flow mod
1459225725864.485107 29.000000 receive flow mod
1459225725864.490967 30.000000 receive flow mod
1459225725864.541016 31.000000 send arp reply
1459225725868.239014 32.000000 send arp reply
1459225725868.397949 33.000000 send arp reply
1459225725868.462891 34.000000 send arp reply
1459225725868.593018 35.000000 send arp reply
1459225725868.699951 36.000000 send arp reply
1459225725868.793945 37.000000 send arp reply
1459225725868.862061 38.000000 send arp reply
1459225725868.950928 39.000000 send arp reply
1459225725869.012939 40.000000 send arp reply
1459225725873.455078 31.000000 receive flow mod
1459225725875.354980 32.000000 receive flow mod
1459225725886.227051 33.000000 receive flow mod
1459225725886.420898 34.000000 receive flow mod
1459225725886.458008 35.000000 receive flow mod
1459225725886.474121 36.000000 receive flow mod
1459225725886.492920 37.000000 receive flow mod
1459225725886.506104 38.000000 receive flow mod
1459225725889.403076 39.000000 receive flow mod
1459225725889.430908 40.000000 receive flow mod
1459225725891.449951 41.000000 send arp reply
1459225725891.506104 42.000000 send arp reply
1459225725891.552002 43.000000 send arp reply
1459225725891.599121 44.000000 send arp reply
1459225725891.656982 45.000000 send arp reply
1459225725891.732910 46.000000 send arp reply
1459225725891.793945 47.000000 send arp reply
1459225725891.847900 48.000000 send arp reply
1459225725891.918945 49.000000 send arp reply
1459225725891.972900 50.000000 send arp reply
1459225725896.551025 41.000000 receive flow mod
1459225725908.595947 42.000000 receive flow mod
1459225725908.717041 43.000000 receive flow mod
1459225725908.739990 44.000000 receive flow mod
1459225725908.747070 45.000000 receive flow mod
1459225725908.754883 46.000000 receive flow mod
1459225725909.458008 47.000000 receive flow mod
1459225725912.412109 48.000000 receive flow mod
1459225725912.439941 49.000000 receive flow mod
1459225725912.451904 50.000000 receive flow mod
1459225725919.593018 51.000000 send arp reply
1459225725919.666016 52.000000 send arp reply
1459225725919.728027 53.000000 send arp reply
1459225725919.781982 54.000000 send arp reply
1459225725919.836914 55.000000 send arp reply
1459225725919.889893 56.000000 send arp reply
1459225725919.944092 57.000000 send arp reply
1459225725919.998047 58.000000 send arp reply
1459225725920.052002 59.000000 send arp reply
1459225725920.104980 60.000000 send arp reply
1459225725927.389893 51.000000 receive flow mod
1459225725940.447998 52.000000 receive flow mod
1459225725940.480957 53.000000 receive flow mod
1459225725940.487061 54.000000 receive flow mod
1459225725940.492920 55.000000 receive flow mod
1459225725940.499023 56.000000 receive flow mod
1459225725940.503906 57.000000 receive flow mod
1459225725943.360107 58.000000 receive flow mod
1459225725943.382080 59.000000 receive flow mod
1459225725943.387939 60.000000 receive flow mod
1459225725943.446045 61.000000 send arp reply
1459225725943.495117 62.000000 send arp reply
1459225725943.589111 63.000000 send arp reply
1459225725943.642090 64.000000 send arp reply
1459225725943.700928 65.000000 send arp reply
1459225725943.759033 66.000000 send arp reply
1459225725943.816895 67.000000 send arp reply
1459225725943.875977 68.000000 send arp reply
1459225725943.934082 69.000000 send arp reply
1459225725943.991943 70.000000 send arp reply
1459225725947.364990 61.000000 receive flow mod
1459225725961.718018 62.000000 receive flow mod
1459225725961.751953 63.000000 receive flow mod
1459225725961.759033 64.000000 receive flow mod
1459225725961.764893 65.000000 receive flow mod
1459225725961.770020 66.000000 receive flow mod
1459225725961.775879 67.000000 receive flow mod
1459225725966.919922 68.000000 receive flow mod
1459225725967.056885 69.000000 receive flow mod
1459225725967.105957 70.000000 receive flow mod
1459225725969.366943 71.000000 send arp reply
1459225725969.693115 72.000000 send arp reply
1459225725969.843994 73.000000 send arp reply
1459225725969.997070 74.000000 send arp reply
1459225725970.204102 75.000000 send arp reply
1459225725970.349121 76.000000 send arp reply
1459225725970.490967 77.000000 send arp reply
1459225725970.564941 78.000000 send arp reply
1459225725970.658936 79.000000 send arp reply
1459225725970.721924 80.000000 send arp reply
1459225725973.227051 71.000000 receive flow mod
1459225725986.364014 72.000000 receive flow mod
1459225725986.400879 73.000000 receive flow mod
1459225725986.407959 74.000000 receive flow mod
1459225725986.414062 75.000000 receive flow mod
1459225725986.418945 76.000000 receive flow mod
1459225725986.430908 77.000000 receive flow mod
1459225725991.968994 78.000000 receive flow mod
1459225725992.039062 79.000000 receive flow mod
1459225725992.052002 80.000000 receive flow mod
1459225729144.177979 40.000000 packet in rate
1459225729144.200928 40.000000 flow setup rate
1459225729144.212891 3.860107 min latency
1459225729144.224121 33.989990 max latency
1459225729144.236084 19.780861 avg latency
