1459223780373.402100 1.000000 send packet in
1459223780373.722900 2.000000 send packet in
1459223780373.806885 3.000000 send packet in
1459223780373.968994 4.000000 send packet in
1459223780374.127930 5.000000 send packet in
1459223780374.397949 6.000000 send packet in
1459223780374.493896 7.000000 send packet in
1459223780374.641113 8.000000 send packet in
1459223780374.718994 9.000000 send packet in
1459223780374.862061 10.000000 send packet in
1459223780374.939941 11.000000 send packet in
1459223780375.081055 12.000000 send packet in
1459223780375.157959 13.000000 send packet in
1459223780375.329102 14.000000 send packet in
1459223780375.407959 15.000000 send packet in
1459223780375.550049 16.000000 send packet in
1459223780375.626953 17.000000 send packet in
1459223780375.768066 18.000000 send packet in
1459223780375.967041 19.000000 send packet in
1459223780376.135986 20.000000 send packet in
1459223780404.340088 1.000000 receive packet out
1459223780424.355957 2.000000 receive packet out
1459223780424.392090 3.000000 receive packet out
1459223780424.396973 4.000000 receive packet out
1459223780424.402100 5.000000 receive packet out
1459223780424.406982 6.000000 receive packet out
1459223780424.412109 7.000000 receive packet out
1459223780424.416016 8.000000 receive packet out
1459223780424.420898 9.000000 receive packet out
1459223780424.425049 10.000000 receive packet out
1459223780424.482910 21.000000 send packet in
1459223780424.561035 22.000000 send packet in
1459223780424.631104 23.000000 send packet in
1459223780424.699951 24.000000 send packet in
1459223780424.769043 25.000000 send packet in
1459223780424.836914 26.000000 send packet in
1459223780424.905029 27.000000 send packet in
1459223780424.972900 28.000000 send packet in
1459223780425.041992 29.000000 send packet in
1459223780425.111084 30.000000 send packet in
1459223780425.178955 31.000000 send packet in
1459223780425.285889 32.000000 send packet in
1459223780425.363037 33.000000 send packet in
1459223780425.433105 34.000000 send packet in
1459223780425.500977 35.000000 send packet in
1459223780425.570068 36.000000 send packet in
1459223780425.637939 37.000000 send packet in
1459223780425.679932 38.000000 send packet in
1459223780425.720947 39.000000 send packet in
1459223780425.816895 40.000000 send packet in
1459223780429.496094 11.000000 receive packet out
1459223780429.513916 12.000000 receive packet out
1459223780429.520020 13.000000 receive packet out
1459223780429.524902 14.000000 receive packet out
1459223780429.529053 15.000000 receive packet out
1459223780429.533936 16.000000 receive packet out
1459223780429.539062 17.000000 receive packet out
1459223780429.542969 18.000000 receive packet out
1459223780429.548096 19.000000 receive packet out
1459223780429.552002 20.000000 receive packet out
1459223780441.120117 21.000000 receive packet out
1459223780441.159912 22.000000 receive packet out
1459223780441.166016 23.000000 receive packet out
1459223780441.170898 24.000000 receive packet out
1459223780441.175049 25.000000 receive packet out
1459223780441.179932 26.000000 receive packet out
1459223780441.185059 27.000000 receive packet out
1459223780441.189941 28.000000 receive packet out
1459223780448.039062 29.000000 receive packet out
1459223780448.111084 30.000000 receive packet out
1459223780448.116943 31.000000 receive packet out
1459223780448.121094 32.000000 receive packet out
1459223780448.125977 33.000000 receive packet out
1459223780448.131104 34.000000 receive packet out
1459223780448.135010 35.000000 receive packet out
1459223780448.139893 36.000000 receive packet out
1459223780448.144043 37.000000 receive packet out
1459223780448.147949 38.000000 receive packet out
1459223780448.153076 39.000000 receive packet out
1459223780448.156982 40.000000 receive packet out
1459223784801.089111 20.000000 packet in rate
1459223784801.099121 20.000000 packet out rate
1459223784801.104980 16.217041 min latency
1459223784801.110107 54.556152 max latency
1459223784801.115967 36.559764 avg latency
